<?xml version="1.0" encoding="UTF-8"?>
<!-- Generated by org.testng.reporters.JUnitXMLReporter -->
<testsuite hostname="DESKTOP-CGJKOVL" ignored="0" name="ITeration2" tests="4" failures="0" timestamp="2021-01-10T16:21:44 IST" time="30.18" errors="0">
  <testcase name="launch" time="24.306" classname="tests.LoginTestWithXml"/>
  <testcase name="userIdTesting" time="4.617" classname="tests.LoginTestWithXml"/>
  <testcase name="passwordTesting" time="0.002" classname="tests.LoginTestWithXml"/>
  <testcase name="closeSite" time="1.148" classname="tests.LoginTestWithXml"/>
</testsuite> <!-- ITeration2 -->
