<?xml version="1.0" encoding="UTF-8"?>
<!-- Generated by org.testng.reporters.JUnitXMLReporter -->
<testsuite hostname="DESKTOP-CGJKOVL" ignored="0" name="ITeration4" tests="4" failures="0" timestamp="2021-01-10T16:21:47 IST" time="33.078" errors="0">
  <testcase name="launch" time="27.603" classname="tests.LoginTestWithXml"/>
  <testcase name="userIdTesting" time="4.262" classname="tests.LoginTestWithXml"/>
  <testcase name="passwordTesting" time="0.372" classname="tests.LoginTestWithXml"/>
  <testcase name="closeSite" time="0.743" classname="tests.LoginTestWithXml"/>
</testsuite> <!-- ITeration4 -->
